<?xml version="1.0" encoding="UTF-8"?>
<testng-results skipped="0" failed="0" ignored="1" total="3" passed="2">
  <reporter-output>
  </reporter-output>
  <suite name="Default suite" duration-ms="12885" started-at="2019-05-20T23:23:19Z" finished-at="2019-05-20T23:23:31Z">
    <groups>
    </groups>
    <test name="Default test" duration-ms="12885" started-at="2019-05-20T23:23:19Z" finished-at="2019-05-20T23:23:31Z">
      <class name="com.Tests.MainPage">
        <test-method status="PASS" signature="setUp()[pri:0, instance:com.Tests.MainPage@204f30ec]" name="setUp" is-config="true" duration-ms="9350" started-at="2019-05-20T23:23:19Z" finished-at="2019-05-20T23:23:28Z">
          <reporter-output>
          </reporter-output>
        </test-method> <!-- setUp -->
        <test-method status="PASS" signature="clcikOnSignIn()[pri:0, instance:com.Tests.MainPage@204f30ec]" name="clcikOnSignIn" duration-ms="1743" started-at="2019-05-20T23:23:28Z" finished-at="2019-05-20T23:23:30Z">
          <reporter-output>
          </reporter-output>
        </test-method> <!-- clcikOnSignIn -->
        <test-method status="PASS" signature="contactUs()[pri:0, instance:com.Tests.MainPage@204f30ec]" name="contactUs" duration-ms="1278" started-at="2019-05-20T23:23:30Z" finished-at="2019-05-20T23:23:31Z">
          <reporter-output>
          </reporter-output>
        </test-method> <!-- contactUs -->
        <test-method status="PASS" signature="tearDown()[pri:0, instance:com.Tests.MainPage@204f30ec]" name="tearDown" is-config="true" duration-ms="452" started-at="2019-05-20T23:23:31Z" finished-at="2019-05-20T23:23:31Z">
          <reporter-output>
          </reporter-output>
        </test-method> <!-- tearDown -->
      </class> <!-- com.Tests.MainPage -->
    </test> <!-- Default test -->
  </suite> <!-- Default suite -->
</testng-results>
