<?xml version="1.0" encoding="UTF-8"?>
<!-- Generated by org.testng.reporters.JUnitXMLReporter -->
<testsuite hostname="Abrahams-MacBook-Air.local" ignored="1" name="Default test" tests="2" failures="0" timestamp="20 May 2019 23:23:31 GMT" time="12.885" errors="0">
  <testcase name="clcikOnSignIn" time="1.743" classname="com.Tests.MainPage"/>
  <testcase name="contactUs" time="1.278" classname="com.Tests.MainPage"/>
  <testcase name="CreateAccount" time="0.0" classname="com.Tests.MainPage">
    <ignored/>
  </testcase> <!-- CreateAccount -->
</testsuite> <!-- Default test -->
